<?xml version="1.0" encoding="UTF-8"?>
<!-- Generated by org.testng.reporters.JUnitReportReporter -->
<testsuite hostname="LAPTOP-LOI8803I" failures="0" tests="1" name="tests.HRM_Test" time="28.839" errors="0" timestamp="2025-08-08T08:25:52 IST" skipped="0">
  <testcase classname="tests.HRM_Test" name="verifyAllTest" time="28.839"/>
</testsuite> <!-- tests.HRM_Test -->
